<?xml version="1.0" encoding="UTF-8"?>
<!-- Generated by org.testng.reporters.JUnitXMLReporter -->
<testsuite ignored="0" hostname="LIN-5CD1262C0M" failures="0" tests="4" name="Test" time="3.475" errors="0" timestamp="2024-05-17T15:06:06 IST">
  <testcase classname="com.TestNG.GetUserListTest1" name="getData" time="1.817"/>
  <testcase classname="com.TestNG.GetUserListTest1" name="addData" time="0.462"/>
  <testcase classname="com.TestNG.GetUserListTest1" name="addData" time="0.466"/>
  <testcase classname="com.TestNG.GetUserListTest1" name="addData" time="0.367"/>
</testsuite> <!-- Test -->
