<?xml version="1.0" encoding="UTF-8"?>
<testng-results ignored="0" total="2" passed="2" failed="0" skipped="0">
  <reporter-output>
  </reporter-output>
  <suite started-at="2024-05-22T10:12:44 IST" name="Default suite" finished-at="2024-05-22T10:12:48 IST" duration-ms="4186">
    <groups>
    </groups>
    <test started-at="2024-05-22T10:12:44 IST" name="Default test" finished-at="2024-05-22T10:12:48 IST" duration-ms="4186">
      <class name="restAssured.RestAssuredDemo.Excel">
        <test-method is-config="true" signature="init()[pri:0, instance:restAssured.RestAssuredDemo.Excel@46cdf8bd]" started-at="2024-05-22T10:12:44 IST" name="init" finished-at="2024-05-22T10:12:44 IST" duration-ms="539" status="PASS">
          <reporter-output>
          </reporter-output>
        </test-method> <!-- init -->
        <test-method signature="getData()[pri:-1, instance:restAssured.RestAssuredDemo.Excel@46cdf8bd]" started-at="2024-05-22T10:12:44 IST" name="getData" finished-at="2024-05-22T10:12:47 IST" duration-ms="2224" status="PASS">
          <reporter-output>
          </reporter-output>
        </test-method> <!-- getData -->
        <test-method signature="addData()[pri:0, instance:restAssured.RestAssuredDemo.Excel@46cdf8bd]" started-at="2024-05-22T10:12:47 IST" name="addData" finished-at="2024-05-22T10:12:48 IST" duration-ms="1165" status="PASS">
          <reporter-output>
          </reporter-output>
        </test-method> <!-- addData -->
        <test-method is-config="true" signature="deallocateMem()[pri:0, instance:restAssured.RestAssuredDemo.Excel@46cdf8bd]" started-at="2024-05-22T10:12:48 IST" name="deallocateMem" finished-at="2024-05-22T10:12:48 IST" duration-ms="205" status="PASS">
          <reporter-output>
          </reporter-output>
        </test-method> <!-- deallocateMem -->
      </class> <!-- restAssured.RestAssuredDemo.Excel -->
    </test> <!-- Default test -->
  </suite> <!-- Default suite -->
</testng-results>
